<?xml version="1.0" encoding="UTF-8"?>
<!-- Generated by org.testng.reporters.JUnitXMLReporter -->
<testsuite ignored="0" hostname="LAPTOP-VU95FG60" failures="1" tests="3" name="logintest" time="0.144" errors="0" timestamp="2020-08-18T10:12:07 IST">
  <testcase classname="day20Listeners.LoginTest" name="setup" time="0.029">
    <failure type="java.lang.AssertionError" message="did not expect to find [true] but found [false]">
      <![CDATA[java.lang.AssertionError: did not expect to find [true] but found [false]
at day20Listeners.LoginTest.setup(LoginTest.java:12)
at java.base/java.util.ArrayList.forEach(ArrayList.java:1507)
... Removed 31 stack frames]]>
    </failure>
  </testcase> <!-- setup -->
  <testcase classname="day20Listeners.LoginTest" name="loginByEmail" time="0.004"/>
  <testcase classname="day20Listeners.LoginTest" name="loginByFacebook" time="0.0">
    <skipped/>
  </testcase> <!-- loginByFacebook -->
</testsuite> <!-- logintest -->
