<?xml version="1.0" encoding="UTF-8"?>
<!-- Generated by org.testng.reporters.JUnitXMLReporter -->
<testsuite ignored="0" hostname="LAPTOP-VU95FG60" failures="1" tests="1" name="logintest" time="16.888" errors="0" timestamp="2020-08-18T11:21:31 IST">
  <testcase classname="day21ExtentReports.LoginTest" name="loginTest" time="10.036">
    <failure type="java.lang.AssertionError" message="did not expect to find [true] but found [false]">
      <![CDATA[java.lang.AssertionError: did not expect to find [true] but found [false]
at day21ExtentReports.LoginTest.loginTest(LoginTest.java:38)
at java.base/java.util.ArrayList.forEach(ArrayList.java:1507)
... Removed 31 stack frames]]>
    </failure>
  </testcase> <!-- loginTest -->
</testsuite> <!-- logintest -->
